<?xml version="1.0" encoding="UTF-8"?>
<!-- Generated by org.testng.reporters.JUnitReportReporter -->
<testsuite skipped="0" hostname="BDC8-DX-3W0KX52" name="seleniumwebdriver.NewTest1" tests="1" failures="0" timestamp="17 Jul 2018 06:52:18 GMT" time="17.486" errors="0">
  <testcase name="testlogin" time="17.486" classname="seleniumwebdriver.NewTest1"/>
</testsuite> <!-- seleniumwebdriver.NewTest1 -->
